[2026-04-15 08:35:05.699] ReplayTrove launcher starting (supervisor). Log: C:\ReplayTrove\launcher\logs\launcher-20260415-083505.log
[2026-04-15 08:35:05.761] Mode: PRODUCTION (pythonw.exe)
[2026-04-15 08:35:05.822] OBS sentinel removed: C:\Users\admin\AppData\Roaming\obs-studio\.sentinel
[2026-04-15 08:35:05.826] Skipping worker (disabled by REPLAYTROVE_ENABLE_WORKER=0)
[2026-04-15 08:35:05.830] Launching logs2dropbox...
[2026-04-15 08:35:05.885] Launching encoder operator...
[2026-04-15 08:35:05.909] Launching Cleaner Bee...
[2026-04-15 08:35:06.304] Readiness OK: logs2dropbox (python main.py) (0.339s)
[2026-04-15 08:35:06.428] Readiness OK: Encoder (python operator_long_only.py) (0.115s)
[2026-04-15 08:35:06.453] Launching OBS...
[2026-04-15 08:35:06.477] Launching Stream Deck...
[2026-04-15 08:35:06.582] Readiness OK: OBS (obs64) (0.03s)
[2026-04-15 08:35:06.587] Launching scoreboard...
[2026-04-15 08:35:06.720] Readiness OK: Scoreboard (python main.py) (0.112s)
[2026-04-15 08:35:07.726] Post-launch validation...
[2026-04-15 08:35:07.805] Validation: logs2dropbox = OK
[2026-04-15 08:35:07.863] Validation: Encoder = OK
[2026-04-15 08:35:07.919] Validation: Scoreboard = OK
[2026-04-15 08:35:07.932] Validation: OBS = OK
[2026-04-15 08:35:07.940] Validation: StreamDeck = OK
[2026-04-15 08:35:07.950] Validation: Cleaner Bee = OK (still running)
[2026-04-15 08:35:07.953] Post-launch validation passed; UI focus/minimize...
[2026-04-15 08:35:28.089] Scoreboard focus: AppActivate('ReplayTrove Scoreboard') failed after 40 attempts
[2026-04-15 08:35:28.313] Stream Deck minimize: ShowWindowAsync attempt 1, hwnd=131924, result=True
[2026-04-15 08:35:28.317] All apps launched and validated.
