[2026-04-13 17:27:51.708] ReplayTrove launcher starting (supervisor). Log: C:\ReplayTrove\launcher\logs\launcher-20260413-172751.log
[2026-04-13 17:27:51.753] Mode: PRODUCTION (pythonw.exe)
[2026-04-13 17:27:51.779] OBS sentinel removed: C:\Users\admin\AppData\Roaming\obs-studio\.sentinel
[2026-04-13 17:27:51.781] Launching worker...
[2026-04-13 17:27:51.836] Launching logs2dropbox...
[2026-04-13 17:27:51.851] Launching Cleaner Bee...
[2026-04-13 17:27:52.243] Readiness OK: Worker (python main.py) (0.317s)
[2026-04-13 17:27:52.276] Readiness OK: logs2dropbox (python main.py) (0.03s)
[2026-04-13 17:27:52.280] Launching OBS...
[2026-04-13 17:27:52.292] Launching Stream Deck...
[2026-04-13 17:27:52.329] Readiness OK: OBS (obs64) (0.021s)
[2026-04-13 17:27:52.332] Launching scoreboard...
[2026-04-13 17:27:52.388] Readiness OK: Scoreboard (python main.py) (0.026s)
[2026-04-13 17:27:53.405] Post-launch validation...
[2026-04-13 17:27:53.601] Validation: Worker = OK
[2026-04-13 17:27:53.752] Validation: logs2dropbox = OK
[2026-04-13 17:27:53.806] Validation: Scoreboard = OK
[2026-04-13 17:27:53.859] Validation: OBS = OK
[2026-04-13 17:27:53.881] Validation: StreamDeck = OK
[2026-04-13 17:27:53.906] Validation: Cleaner Bee = OK (still running)
[2026-04-13 17:27:53.942] Post-launch validation passed; UI focus/minimize...
[2026-04-13 17:28:14.278] Scoreboard focus: AppActivate('ReplayTrove Scoreboard') failed after 40 attempts
[2026-04-13 17:28:14.593] Stream Deck minimize: ShowWindowAsync attempt 1, hwnd=131780, result=True
[2026-04-13 17:28:14.596] All apps launched and validated.
