[2026-04-18 01:51:31.642] ReplayTrove launcher starting (supervisor). Log: C:\ReplayTrove\launcher\logs\launcher-20260418-015131.log
[2026-04-18 01:51:31.682] Mode: PRODUCTION (pythonw.exe)
[2026-04-18 01:51:31.720] OBS sentinel removed: C:\Users\admin\AppData\Roaming\obs-studio\.sentinel
[2026-04-18 01:51:31.724] Launching worker...
[2026-04-18 01:51:31.776] Launching logs2dropbox...
[2026-04-18 01:51:31.799] Launching encoder watchdog...
[2026-04-18 01:51:31.813] Launching Cleaner Bee...
[2026-04-18 01:51:32.191] Readiness OK: Worker (python main.py) (0.34s)
[2026-04-18 01:51:32.232] Readiness OK: logs2dropbox (python main.py) (0.035s)
[2026-04-18 01:51:32.276] Readiness OK: Encoder (python encoder_watchdog.py) (0.032s)
[2026-04-18 01:51:32.291] Launching OBS...
[2026-04-18 01:51:32.313] Launching Stream Deck...
[2026-04-18 01:51:32.326] Launching Launcher UI...
[2026-04-18 01:51:32.419] Readiness OK: OBS (obs64) (0.008s)
[2026-04-18 01:51:32.429] Launching scoreboard...
[2026-04-18 01:51:32.546] Readiness OK: Scoreboard (python main.py) (0.032s)
[2026-04-18 01:51:33.563] Post-launch validation...
[2026-04-18 01:51:33.614] Validation: Worker = OK
[2026-04-18 01:51:33.651] Validation: logs2dropbox = OK
[2026-04-18 01:51:33.713] Validation: Encoder = OK
[2026-04-18 01:51:33.758] Validation: Scoreboard = OK
[2026-04-18 01:51:33.801] Validation: OBS = OK
[2026-04-18 01:51:33.814] Validation: StreamDeck = OK
[2026-04-18 01:51:33.840] Validation: Cleaner Bee = OK (still running)
[2026-04-18 01:51:33.843] Post-launch validation passed; UI focus/minimize...
[2026-04-18 01:51:54.055] Scoreboard focus: AppActivate('ReplayTrove Scoreboard') failed after 40 attempts
[2026-04-18 01:51:55.033] Stream Deck minimize: ShowWindowAsync attempt 1, hwnd=66630, result=True
[2026-04-18 01:51:55.038] All apps launched and validated.
