[2026-04-16 13:10:56.669] ReplayTrove launcher starting (supervisor). Log: C:\ReplayTrove\launcher\logs\launcher-20260416-131056.log
[2026-04-16 13:10:56.731] Mode: PRODUCTION (pythonw.exe)
[2026-04-16 13:10:56.777] OBS sentinel removed: C:\Users\admin\AppData\Roaming\obs-studio\.sentinel
[2026-04-16 13:10:56.781] Launching worker...
[2026-04-16 13:10:56.847] Launching logs2dropbox...
[2026-04-16 13:10:56.884] Launching encoder operator...
[2026-04-16 13:10:56.911] Launching Cleaner Bee...
[2026-04-16 13:10:57.203] Readiness OK: Worker (python main.py) (0.249s)
[2026-04-16 13:10:57.238] Readiness OK: logs2dropbox (python main.py) (0.03s)
[2026-04-16 13:10:57.277] Readiness OK: Encoder (python operator_long_only.py) (0.032s)
[2026-04-16 13:10:57.280] Launching OBS...
[2026-04-16 13:10:57.295] Launching Stream Deck...
[2026-04-16 13:10:57.306] Launching Launcher UI...
[2026-04-16 13:10:57.388] Readiness OK: OBS (obs64) (0.007s)
[2026-04-16 13:10:57.397] Launching scoreboard...
[2026-04-16 13:10:57.494] Readiness OK: Scoreboard (python main.py) (0.035s)
[2026-04-16 13:10:58.546] Post-launch validation...
[2026-04-16 13:10:58.608] Validation: Worker = OK
[2026-04-16 13:10:58.649] Validation: logs2dropbox = OK
[2026-04-16 13:10:58.697] Validation: Encoder = OK
[2026-04-16 13:10:58.772] Validation: Scoreboard = OK
[2026-04-16 13:10:58.785] Validation: OBS = OK
[2026-04-16 13:10:58.792] Validation: StreamDeck = OK
[2026-04-16 13:10:58.803] Validation: Cleaner Bee = OK (still running)
[2026-04-16 13:10:58.805] Post-launch validation passed; UI focus/minimize...
[2026-04-16 13:11:18.977] Scoreboard focus: AppActivate('ReplayTrove Scoreboard') failed after 40 attempts
[2026-04-16 13:11:19.429] Stream Deck minimize: ShowWindowAsync attempt 1, hwnd=66608, result=True
[2026-04-16 13:11:19.435] All apps launched and validated.
