[2026-04-16 14:19:55.288] ReplayTrove launcher starting (supervisor). Log: C:\ReplayTrove\launcher\logs\launcher-20260416-141955.log
[2026-04-16 14:19:55.314] Mode: PRODUCTION (pythonw.exe)
[2026-04-16 14:19:55.356] OBS sentinel removed: C:\Users\admin\AppData\Roaming\obs-studio\.sentinel
[2026-04-16 14:19:55.358] Launching worker...
[2026-04-16 14:19:55.417] Launching logs2dropbox...
[2026-04-16 14:19:55.436] Launching encoder operator...
[2026-04-16 14:19:55.455] Launching Cleaner Bee...
[2026-04-16 14:19:55.935] Readiness OK: Worker (python main.py) (0.348s)
[2026-04-16 14:19:55.974] Readiness OK: logs2dropbox (python main.py) (0.035s)
[2026-04-16 14:19:56.018] Readiness OK: Encoder (python operator_long_only.py) (0.032s)
[2026-04-16 14:19:56.037] Launching OBS...
[2026-04-16 14:19:56.050] Launching Stream Deck...
[2026-04-16 14:19:56.080] Launching Launcher UI...
[2026-04-16 14:19:56.161] Readiness OK: OBS (obs64) (0.007s)
[2026-04-16 14:19:56.203] Launching scoreboard...
[2026-04-16 14:19:56.306] Readiness OK: Scoreboard (python main.py) (0.032s)
[2026-04-16 14:19:57.330] Post-launch validation...
[2026-04-16 14:19:57.381] Validation: Worker = OK
[2026-04-16 14:19:57.426] Validation: logs2dropbox = OK
[2026-04-16 14:19:57.474] Validation: Encoder = OK
[2026-04-16 14:19:57.511] Validation: Scoreboard = OK
[2026-04-16 14:19:57.525] Validation: OBS = OK
[2026-04-16 14:19:57.567] Validation: StreamDeck = OK
[2026-04-16 14:19:57.588] Validation: Cleaner Bee = OK (still running)
[2026-04-16 14:19:57.604] Post-launch validation passed; UI focus/minimize...
[2026-04-16 14:20:17.801] Scoreboard focus: AppActivate('ReplayTrove Scoreboard') failed after 40 attempts
[2026-04-16 14:20:18.573] Stream Deck minimize: ShowWindowAsync attempt 1, hwnd=262514, result=True
[2026-04-16 14:20:18.576] All apps launched and validated.
