[2026-04-15 08:14:41.488] ReplayTrove launcher starting (supervisor). Log: C:\ReplayTrove\launcher\logs\launcher-20260415-081441.log
[2026-04-15 08:14:41.550] Mode: PRODUCTION (pythonw.exe)
[2026-04-15 08:16:35.115] OBS sentinel removed: C:\Users\admin\AppData\Roaming\obs-studio\.sentinel
[2026-04-15 08:16:35.119] Launching worker...
[2026-04-15 08:16:35.230] Launching logs2dropbox...
[2026-04-15 08:16:35.290] Launching encoder operator...
[2026-04-15 08:16:35.363] Launching Cleaner Bee...
[2026-04-15 08:16:36.130] Readiness OK: Worker (python main.py) (0.695s)
[2026-04-15 08:16:36.200] Readiness OK: logs2dropbox (python main.py) (0.059s)
[2026-04-15 08:16:36.264] Readiness OK: Encoder (python operator_long_only.py) (0.055s)
[2026-04-15 08:16:36.268] Launching OBS...
[2026-04-15 08:16:36.281] Launching Stream Deck...
[2026-04-15 08:16:36.352] Readiness OK: OBS (obs64) (0.047s)
[2026-04-15 08:16:36.359] Launching scoreboard...
[2026-04-15 08:16:36.484] Readiness OK: Scoreboard (python main.py) (0.056s)
[2026-04-15 08:16:37.490] Post-launch validation...
[2026-04-15 08:16:37.578] Validation: Worker = OK
[2026-04-15 08:16:37.675] Validation: logs2dropbox = OK
[2026-04-15 08:16:37.764] Validation: Encoder = OK
[2026-04-15 08:16:37.829] Validation: Scoreboard = OK
[2026-04-15 08:16:37.858] Validation: OBS = OK
[2026-04-15 08:16:37.939] Validation: StreamDeck = OK
[2026-04-15 08:16:37.968] Validation: Cleaner Bee = OK (still running)
[2026-04-15 08:16:37.982] Post-launch validation passed; UI focus/minimize...
[2026-04-15 08:16:58.342] Scoreboard focus: AppActivate('ReplayTrove Scoreboard') failed after 40 attempts
[2026-04-15 08:16:58.662] Stream Deck minimize: ShowWindowAsync attempt 1, hwnd=131924, result=True
[2026-04-15 08:16:58.665] All apps launched and validated.
