[2026-04-18 07:27:36.591] ReplayTrove launcher starting (supervisor). Log: C:\ReplayTrove\launcher\logs\launcher-20260418-072736.log
[2026-04-18 07:27:36.656] Mode: PRODUCTION (pythonw.exe)
[2026-04-18 07:27:36.758] OBS sentinel removed: C:\Users\admin\AppData\Roaming\obs-studio\.sentinel
[2026-04-18 07:27:36.761] Launching worker...
[2026-04-18 07:27:36.832] Launching logs2dropbox...
[2026-04-18 07:27:36.848] Launching encoder watchdog...
[2026-04-18 07:27:36.879] Launching Cleaner Bee...
[2026-04-18 07:27:37.421] Readiness OK: Worker (python main.py) (0.469s)
[2026-04-18 07:27:37.456] Readiness OK: logs2dropbox (python main.py) (0.031s)
[2026-04-18 07:27:37.502] Readiness OK: Encoder (python encoder_watchdog.py) (0.029s)
[2026-04-18 07:27:37.506] Launching OBS...
[2026-04-18 07:27:37.521] Launching Stream Deck...
[2026-04-18 07:27:37.545] Launching Launcher UI...
[2026-04-18 07:27:37.666] Readiness OK: OBS (obs64) (0.025s)
[2026-04-18 07:27:37.670] Launching scoreboard...
[2026-04-18 07:27:37.766] Readiness OK: Scoreboard (python main.py) (0.032s)
[2026-04-18 07:27:38.806] Post-launch validation...
[2026-04-18 07:27:38.873] Validation: Worker = OK
[2026-04-18 07:27:38.972] Validation: logs2dropbox = OK
[2026-04-18 07:27:39.015] Validation: Encoder = OK
[2026-04-18 07:27:39.057] Validation: Scoreboard = OK
[2026-04-18 07:27:39.076] Validation: OBS = OK
[2026-04-18 07:27:39.084] Validation: StreamDeck = OK
[2026-04-18 07:27:39.101] Validation: Cleaner Bee = OK (still running)
[2026-04-18 07:27:39.106] Post-launch validation passed; UI focus/minimize...
[2026-04-18 07:27:59.261] Scoreboard focus: AppActivate('ReplayTrove Scoreboard') failed after 40 attempts
[2026-04-18 07:27:59.576] Stream Deck minimize: ShowWindowAsync attempt 1, hwnd=66654, result=True
[2026-04-18 07:27:59.580] All apps launched and validated.
