[2026-04-14 21:04:40.526] ReplayTrove launcher starting (supervisor). Log: C:\ReplayTrove\launcher\logs\launcher-20260414-210440.log
[2026-04-14 21:04:40.590] Mode: PRODUCTION (pythonw.exe)
[2026-04-14 21:04:40.696] OBS sentinel removed: C:\Users\admin\AppData\Roaming\obs-studio\.sentinel
[2026-04-14 21:04:40.699] Launching worker...
[2026-04-14 21:04:41.017] Launching logs2dropbox...
[2026-04-14 21:04:41.378] Launching Cleaner Bee...
[2026-04-14 21:04:44.815] Readiness OK: Worker (python main.py) (3.034s)
[2026-04-14 21:04:44.874] Readiness OK: logs2dropbox (python main.py) (0.055s)
[2026-04-14 21:04:44.877] Launching OBS...
[2026-04-14 21:04:44.910] Launching Stream Deck...
[2026-04-14 21:04:44.965] Readiness OK: OBS (obs64) (0.036s)
[2026-04-14 21:04:44.970] Launching scoreboard...
[2026-04-14 21:04:45.241] Readiness OK: Scoreboard (python main.py) (0.135s)
[2026-04-14 21:04:46.280] Post-launch validation...
[2026-04-14 21:04:46.354] Validation: Worker = OK
[2026-04-14 21:04:46.406] Validation: logs2dropbox = OK
[2026-04-14 21:04:46.469] Validation: Scoreboard = OK
[2026-04-14 21:04:46.492] Validation: OBS = OK
[2026-04-14 21:04:46.510] Validation: StreamDeck = OK
[2026-04-14 21:04:46.566] Validation: Cleaner Bee = OK (still running)
[2026-04-14 21:04:46.577] Post-launch validation passed; UI focus/minimize...
[2026-04-14 21:05:06.800] Scoreboard focus: AppActivate('ReplayTrove Scoreboard') failed after 40 attempts
[2026-04-14 21:05:07.170] Stream Deck minimize: ShowWindowAsync attempt 1, hwnd=66404, result=True
[2026-04-14 21:05:07.174] All apps launched and validated.
