[2026-04-15 09:55:05.204] ReplayTrove launcher starting (supervisor). Log: C:\ReplayTrove\launcher\logs\launcher-20260415-095505.log
[2026-04-15 09:55:05.263] Mode: PRODUCTION (pythonw.exe)
[2026-04-15 09:55:05.299] Launching worker...
[2026-04-15 09:55:05.372] Launching logs2dropbox...
[2026-04-15 09:55:05.385] Launching encoder operator...
[2026-04-15 09:55:05.411] Launching Cleaner Bee...
[2026-04-15 09:55:05.746] Readiness OK: Worker (python main.py) (0.277s)
[2026-04-15 09:55:05.780] Readiness OK: logs2dropbox (python main.py) (0.031s)
[2026-04-15 09:55:05.820] Readiness OK: Encoder (python operator_long_only.py) (0.037s)
[2026-04-15 09:55:05.829] Launching OBS...
[2026-04-15 09:55:05.841] Launching Stream Deck...
[2026-04-15 09:55:05.853] Launching Launcher UI...
[2026-04-15 09:55:05.935] Readiness OK: OBS (obs64) (0.014s)
[2026-04-15 09:55:05.944] Launching scoreboard...
[2026-04-15 09:55:06.026] Readiness OK: Scoreboard (python main.py) (0.031s)
[2026-04-15 09:55:07.058] Post-launch validation...
[2026-04-15 09:55:07.137] Validation: Worker = OK
[2026-04-15 09:55:07.174] Validation: logs2dropbox = OK
[2026-04-15 09:55:07.225] Validation: Encoder = FAIL
[2026-04-15 09:55:07.341] Validation: Scoreboard = OK
[2026-04-15 09:55:07.374] Validation: OBS = OK
[2026-04-15 09:55:07.401] Validation: StreamDeck = OK
[2026-04-15 09:55:07.427] Validation: Cleaner Bee = OK (still running)
[2026-04-15 09:55:07.453] SUPERVISOR: one or more validations failed.
