[2026-04-18 01:42:58.658] ReplayTrove launcher starting (supervisor). Log: C:\ReplayTrove\launcher\logs\launcher-20260418-014258.log
[2026-04-18 01:42:58.736] Mode: PRODUCTION (pythonw.exe)
[2026-04-18 01:42:58.810] OBS sentinel removed: C:\Users\admin\AppData\Roaming\obs-studio\.sentinel
[2026-04-18 01:42:58.817] Launching worker...
[2026-04-18 01:42:58.892] Launching logs2dropbox...
[2026-04-18 01:42:58.918] Launching encoder watchdog...
[2026-04-18 01:42:58.933] Launching Cleaner Bee...
[2026-04-18 01:42:59.377] Readiness OK: Worker (python main.py) (0.371s)
[2026-04-18 01:42:59.508] Readiness OK: logs2dropbox (python main.py) (0.112s)
[2026-04-18 01:42:59.566] Readiness OK: Encoder (python encoder_watchdog.py) (0.033s)
[2026-04-18 01:42:59.572] Launching OBS...
[2026-04-18 01:42:59.589] Launching Stream Deck...
[2026-04-18 01:42:59.601] Launching Launcher UI...
[2026-04-18 01:42:59.751] Readiness OK: OBS (obs64) (0.022s)
[2026-04-18 01:42:59.788] Launching scoreboard...
[2026-04-18 01:42:59.890] Readiness OK: Scoreboard (python main.py) (0.038s)
[2026-04-18 01:43:00.945] Post-launch validation...
[2026-04-18 01:43:01.006] Validation: Worker = OK
[2026-04-18 01:43:01.057] Validation: logs2dropbox = OK
[2026-04-18 01:43:01.103] Validation: Encoder = OK
[2026-04-18 01:43:01.142] Validation: Scoreboard = OK
[2026-04-18 01:43:01.176] Validation: OBS = OK
[2026-04-18 01:43:01.191] Validation: StreamDeck = OK
[2026-04-18 01:43:01.211] Validation: Cleaner Bee = OK (still running)
[2026-04-18 01:43:01.214] Post-launch validation passed; UI focus/minimize...
[2026-04-18 01:43:21.652] Scoreboard focus: AppActivate('ReplayTrove Scoreboard') failed after 40 attempts
[2026-04-18 01:43:22.042] Stream Deck minimize: ShowWindowAsync attempt 1, hwnd=197408, result=True
[2026-04-18 01:43:22.048] All apps launched and validated.
