[2026-04-17 00:04:25.402] ReplayTrove launcher starting (supervisor). Log: C:\ReplayTrove\launcher\logs\launcher-20260417-000425.log
[2026-04-17 00:04:25.428] Mode: PRODUCTION (pythonw.exe)
[2026-04-17 00:04:25.456] OBS sentinel removed: C:\Users\admin\AppData\Roaming\obs-studio\.sentinel
[2026-04-17 00:04:25.458] Launching worker...
[2026-04-17 00:04:25.508] Launching logs2dropbox...
[2026-04-17 00:04:25.522] Launching encoder watchdog...
[2026-04-17 00:04:25.536] Launching Cleaner Bee...
[2026-04-17 00:04:25.809] Readiness OK: Worker (python main.py) (0.218s)
[2026-04-17 00:04:25.856] Readiness OK: logs2dropbox (python main.py) (0.032s)
[2026-04-17 00:04:25.898] Readiness OK: Encoder (python encoder_watchdog.py) (0.034s)
[2026-04-17 00:04:25.915] Launching OBS...
[2026-04-17 00:04:25.939] Launching Stream Deck...
[2026-04-17 00:04:25.956] Launching Launcher UI...
[2026-04-17 00:04:26.150] Readiness OK: OBS (obs64) (0.005s)
[2026-04-17 00:04:26.173] Launching scoreboard...
[2026-04-17 00:04:26.247] Readiness OK: Scoreboard (python main.py) (0.032s)
[2026-04-17 00:04:27.334] Post-launch validation...
[2026-04-17 00:04:27.503] Validation: Worker = OK
[2026-04-17 00:04:27.565] Validation: logs2dropbox = OK
[2026-04-17 00:04:27.621] Validation: Encoder = OK
[2026-04-17 00:04:27.672] Validation: Scoreboard = OK
[2026-04-17 00:04:27.710] Validation: OBS = OK
[2026-04-17 00:04:27.735] Validation: StreamDeck = OK
[2026-04-17 00:04:27.761] Validation: Cleaner Bee = OK (still running)
[2026-04-17 00:04:27.787] Post-launch validation passed; UI focus/minimize...
[2026-04-17 00:04:48.118] Scoreboard focus: AppActivate('ReplayTrove Scoreboard') failed after 40 attempts
[2026-04-17 00:04:48.401] Stream Deck minimize: ShowWindowAsync attempt 1, hwnd=66528, result=True
[2026-04-17 00:04:48.405] All apps launched and validated.
