[2026-04-16 00:39:32.051] ReplayTrove launcher starting (supervisor). Log: C:\ReplayTrove\launcher\logs\launcher-20260416-003932.log
[2026-04-16 00:39:32.132] Mode: PRODUCTION (pythonw.exe)
[2026-04-16 00:39:32.243] OBS sentinel removed: C:\Users\admin\AppData\Roaming\obs-studio\.sentinel
[2026-04-16 00:39:32.246] Launching worker...
[2026-04-16 00:39:32.306] Launching logs2dropbox...
[2026-04-16 00:39:32.321] Launching encoder operator...
[2026-04-16 00:39:32.344] Launching Cleaner Bee...
[2026-04-16 00:39:32.765] Readiness OK: Worker (python main.py) (0.351s)
[2026-04-16 00:39:32.815] Readiness OK: logs2dropbox (python main.py) (0.047s)
[2026-04-16 00:39:32.850] Readiness OK: Encoder (python operator_long_only.py) (0.032s)
[2026-04-16 00:39:32.854] Launching OBS...
[2026-04-16 00:39:32.866] Launching Stream Deck...
[2026-04-16 00:39:32.892] Launching Launcher UI...
[2026-04-16 00:39:32.929] Readiness OK: OBS (obs64) (0.006s)
[2026-04-16 00:39:32.947] Launching scoreboard...
[2026-04-16 00:39:33.035] Readiness OK: Scoreboard (python main.py) (0.03s)
[2026-04-16 00:39:34.074] Post-launch validation...
[2026-04-16 00:39:34.173] Validation: Worker = OK
[2026-04-16 00:39:34.229] Validation: logs2dropbox = OK
[2026-04-16 00:39:34.280] Validation: Encoder = OK
[2026-04-16 00:39:34.334] Validation: Scoreboard = OK
[2026-04-16 00:39:34.381] Validation: OBS = OK
[2026-04-16 00:39:34.417] Validation: StreamDeck = OK
[2026-04-16 00:39:34.439] Validation: Cleaner Bee = OK (still running)
[2026-04-16 00:39:34.468] Post-launch validation passed; UI focus/minimize...
[2026-04-16 00:39:54.741] Scoreboard focus: AppActivate('ReplayTrove Scoreboard') failed after 40 attempts
[2026-04-16 00:39:55.273] Stream Deck minimize: ShowWindowAsync attempt 1, hwnd=263160, result=True
[2026-04-16 00:39:55.281] All apps launched and validated.
