[2026-04-14 04:45:37.745] ReplayTrove launcher starting (supervisor). Log: C:\ReplayTrove\launcher\logs\launcher-20260414-044537.log
[2026-04-14 04:45:37.786] Mode: PRODUCTION (pythonw.exe)
[2026-04-14 04:45:37.830] OBS sentinel removed: C:\Users\admin\AppData\Roaming\obs-studio\.sentinel
[2026-04-14 04:45:37.833] Launching worker...
[2026-04-14 04:45:37.889] Launching logs2dropbox...
[2026-04-14 04:45:37.904] Launching Cleaner Bee...
[2026-04-14 04:45:38.233] Readiness OK: Worker (python main.py) (0.271s)
[2026-04-14 04:45:38.266] Readiness OK: logs2dropbox (python main.py) (0.031s)
[2026-04-14 04:45:38.279] Launching OBS...
[2026-04-14 04:45:38.304] Launching Stream Deck...
[2026-04-14 04:45:38.336] Readiness OK: OBS (obs64) (0.02s)
[2026-04-14 04:45:38.350] Launching scoreboard...
[2026-04-14 04:45:38.432] Readiness OK: Scoreboard (python main.py) (0.029s)
[2026-04-14 04:45:39.459] Post-launch validation...
[2026-04-14 04:45:39.512] Validation: Worker = OK
[2026-04-14 04:45:39.577] Validation: logs2dropbox = OK
[2026-04-14 04:45:39.622] Validation: Scoreboard = OK
[2026-04-14 04:45:39.628] Validation: OBS = OK
[2026-04-14 04:45:39.642] Validation: StreamDeck = OK
[2026-04-14 04:45:39.702] Validation: Cleaner Bee = OK (still running)
[2026-04-14 04:45:39.712] Post-launch validation passed; UI focus/minimize...
[2026-04-14 04:46:00.130] Scoreboard focus: AppActivate('ReplayTrove Scoreboard') failed after 40 attempts
[2026-04-14 04:46:00.704] Stream Deck minimize: ShowWindowAsync attempt 1, hwnd=66364, result=True
[2026-04-14 04:46:00.719] All apps launched and validated.
