[2026-04-15 11:47:16.405] ReplayTrove launcher starting (supervisor). Log: C:\ReplayTrove\launcher\logs\launcher-20260415-114716.log
[2026-04-15 11:47:16.449] Mode: PRODUCTION (pythonw.exe)
[2026-04-15 11:47:16.498] OBS sentinel removed: C:\Users\admin\AppData\Roaming\obs-studio\.sentinel
[2026-04-15 11:47:16.501] Launching worker...
[2026-04-15 11:47:16.585] Launching logs2dropbox...
[2026-04-15 11:47:16.600] Launching encoder operator...
[2026-04-15 11:47:16.615] Launching Cleaner Bee...
[2026-04-15 11:47:17.038] Readiness OK: Worker (python main.py) (0.363s)
[2026-04-15 11:47:17.101] Readiness OK: logs2dropbox (python main.py) (0.038s)
[2026-04-15 11:47:17.147] Readiness OK: Encoder (python operator_long_only.py) (0.041s)
[2026-04-15 11:47:17.149] Launching OBS...
[2026-04-15 11:47:17.162] Launching Stream Deck...
[2026-04-15 11:47:17.175] Launching Launcher UI...
[2026-04-15 11:47:17.209] Readiness OK: OBS (obs64) (0.006s)
[2026-04-15 11:47:17.218] Launching scoreboard...
[2026-04-15 11:47:17.290] Readiness OK: Scoreboard (python main.py) (0.03s)
[2026-04-15 11:47:18.305] Post-launch validation...
[2026-04-15 11:47:18.370] Validation: Worker = OK
[2026-04-15 11:47:18.436] Validation: logs2dropbox = OK
[2026-04-15 11:47:18.478] Validation: Encoder = OK
[2026-04-15 11:47:18.518] Validation: Scoreboard = OK
[2026-04-15 11:47:18.576] Validation: OBS = OK
[2026-04-15 11:47:18.640] Validation: StreamDeck = OK
[2026-04-15 11:47:18.664] Validation: Cleaner Bee = OK (still running)
[2026-04-15 11:47:18.670] Post-launch validation passed; UI focus/minimize...
[2026-04-15 11:47:38.985] Scoreboard focus: AppActivate('ReplayTrove Scoreboard') failed after 40 attempts
[2026-04-15 11:47:39.454] Stream Deck minimize: ShowWindowAsync attempt 1, hwnd=263136, result=True
[2026-04-15 11:47:39.461] All apps launched and validated.
