[2026-04-14 23:31:14.301] ReplayTrove launcher starting (supervisor). Log: C:\ReplayTrove\launcher\logs\launcher-20260414-233114.log
[2026-04-14 23:31:14.356] Mode: PRODUCTION (pythonw.exe)
[2026-04-14 23:31:14.426] OBS sentinel removed: C:\Users\admin\AppData\Roaming\obs-studio\.sentinel
[2026-04-14 23:31:14.429] Launching worker...
[2026-04-14 23:31:14.488] Launching logs2dropbox...
[2026-04-14 23:31:14.503] Launching Cleaner Bee...
[2026-04-14 23:31:14.901] Readiness OK: Worker (python main.py) (0.314s)
[2026-04-14 23:31:14.935] Readiness OK: logs2dropbox (python main.py) (0.031s)
[2026-04-14 23:31:14.938] Launching OBS...
[2026-04-14 23:31:14.950] Launching Stream Deck...
[2026-04-14 23:31:14.974] Readiness OK: OBS (obs64) (0.012s)
[2026-04-14 23:31:14.981] Launching scoreboard...
[2026-04-14 23:31:15.043] Readiness OK: Scoreboard (python main.py) (0.031s)
[2026-04-14 23:31:16.060] Post-launch validation...
[2026-04-14 23:31:16.127] Validation: Worker = OK
[2026-04-14 23:31:16.192] Validation: logs2dropbox = OK
[2026-04-14 23:31:16.239] Validation: Scoreboard = OK
[2026-04-14 23:31:16.279] Validation: OBS = OK
[2026-04-14 23:31:16.303] Validation: StreamDeck = OK
[2026-04-14 23:31:16.320] Validation: Cleaner Bee = OK (still running)
[2026-04-14 23:31:16.334] Post-launch validation passed; UI focus/minimize...
[2026-04-14 23:31:36.628] Scoreboard focus: AppActivate('ReplayTrove Scoreboard') failed after 40 attempts
[2026-04-14 23:31:36.980] Stream Deck minimize: ShowWindowAsync attempt 1, hwnd=66364, result=True
[2026-04-14 23:31:36.984] All apps launched and validated.
