[2026-04-16 17:34:55.212] ReplayTrove launcher starting (supervisor). Log: C:\ReplayTrove\launcher\logs\launcher-20260416-173455.log
[2026-04-16 17:34:55.240] Mode: PRODUCTION (pythonw.exe)
[2026-04-16 17:34:55.292] OBS sentinel removed: C:\Users\admin\AppData\Roaming\obs-studio\.sentinel
[2026-04-16 17:34:55.295] Launching worker...
[2026-04-16 17:34:55.349] Launching logs2dropbox...
[2026-04-16 17:34:55.366] Launching encoder operator...
[2026-04-16 17:34:55.384] Launching Cleaner Bee...
[2026-04-16 17:34:55.761] Readiness OK: Worker (python main.py) (0.31s)
[2026-04-16 17:34:55.802] Readiness OK: logs2dropbox (python main.py) (0.035s)
[2026-04-16 17:34:55.836] Readiness OK: Encoder (python operator_long_only.py) (0.032s)
[2026-04-16 17:34:55.849] Launching OBS...
[2026-04-16 17:34:55.874] Launching Stream Deck...
[2026-04-16 17:34:55.885] Launching Launcher UI...
[2026-04-16 17:34:55.964] Readiness OK: OBS (obs64) (0.007s)
[2026-04-16 17:34:56.106] Launching scoreboard...
[2026-04-16 17:34:56.259] Readiness OK: Scoreboard (python main.py) (0.035s)
[2026-04-16 17:34:57.293] Post-launch validation...
[2026-04-16 17:34:57.374] Validation: Worker = OK
[2026-04-16 17:34:57.423] Validation: logs2dropbox = OK
[2026-04-16 17:34:57.521] Validation: Encoder = OK
[2026-04-16 17:34:57.577] Validation: Scoreboard = OK
[2026-04-16 17:34:57.613] Validation: OBS = OK
[2026-04-16 17:34:57.639] Validation: StreamDeck = OK
[2026-04-16 17:34:57.682] Validation: Cleaner Bee = OK (still running)
[2026-04-16 17:34:57.706] Post-launch validation passed; UI focus/minimize...
[2026-04-16 17:35:18.045] Scoreboard focus: AppActivate('ReplayTrove Scoreboard') failed after 40 attempts
[2026-04-16 17:35:18.367] Stream Deck minimize: ShowWindowAsync attempt 1, hwnd=66508, result=True
[2026-04-16 17:35:18.370] All apps launched and validated.
