[2026-04-17 23:51:05.171] ReplayTrove launcher starting (supervisor). Log: C:\ReplayTrove\launcher\logs\launcher-20260417-235105.log
[2026-04-17 23:51:05.197] Mode: PRODUCTION (pythonw.exe)
[2026-04-17 23:51:05.262] OBS sentinel removed: C:\Users\admin\AppData\Roaming\obs-studio\.sentinel
[2026-04-17 23:51:05.266] Launching worker...
[2026-04-17 23:51:05.362] Launching logs2dropbox...
[2026-04-17 23:51:05.400] Launching encoder watchdog...
[2026-04-17 23:51:05.440] Launching Cleaner Bee...
[2026-04-17 23:51:05.844] Readiness OK: Worker (python main.py) (0.311s)
[2026-04-17 23:51:05.891] Readiness OK: logs2dropbox (python main.py) (0.031s)
[2026-04-17 23:51:05.921] Readiness OK: Encoder (python encoder_watchdog.py) (0.027s)
[2026-04-17 23:51:05.930] Launching OBS...
[2026-04-17 23:51:05.947] Launching Stream Deck...
[2026-04-17 23:51:05.958] Launching Launcher UI...
[2026-04-17 23:51:06.007] Readiness OK: OBS (obs64) (0.013s)
[2026-04-17 23:51:06.054] Launching scoreboard...
[2026-04-17 23:51:06.164] Readiness OK: Scoreboard (python main.py) (0.04s)
[2026-04-17 23:51:07.196] Post-launch validation...
[2026-04-17 23:51:07.257] Validation: Worker = OK
[2026-04-17 23:51:07.306] Validation: logs2dropbox = OK
[2026-04-17 23:51:07.358] Validation: Encoder = OK
[2026-04-17 23:51:07.401] Validation: Scoreboard = OK
[2026-04-17 23:51:07.419] Validation: OBS = OK
[2026-04-17 23:51:07.435] Validation: StreamDeck = OK
[2026-04-17 23:51:07.460] Validation: Cleaner Bee = OK (still running)
[2026-04-17 23:51:07.476] Post-launch validation passed; UI focus/minimize...
[2026-04-17 23:51:27.851] Scoreboard focus: AppActivate('ReplayTrove Scoreboard') failed after 40 attempts
[2026-04-17 23:51:28.136] Stream Deck minimize: ShowWindowAsync attempt 1, hwnd=66600, result=True
[2026-04-17 23:51:28.142] All apps launched and validated.
