[2026-04-16 13:59:50.483] ReplayTrove launcher starting (supervisor). Log: C:\ReplayTrove\launcher\logs\launcher-20260416-135950.log
[2026-04-16 13:59:50.522] Mode: PRODUCTION (pythonw.exe)
[2026-04-16 13:59:50.550] OBS sentinel removed: C:\Users\admin\AppData\Roaming\obs-studio\.sentinel
[2026-04-16 13:59:50.552] Launching worker...
[2026-04-16 13:59:50.608] Launching logs2dropbox...
[2026-04-16 13:59:50.625] Launching encoder operator...
[2026-04-16 13:59:50.652] Launching Cleaner Bee...
[2026-04-16 13:59:51.056] Readiness OK: Worker (python main.py) (0.338s)
[2026-04-16 13:59:51.122] Readiness OK: logs2dropbox (python main.py) (0.035s)
[2026-04-16 13:59:51.172] Readiness OK: Encoder (python operator_long_only.py) (0.031s)
[2026-04-16 13:59:51.180] Launching OBS...
[2026-04-16 13:59:51.193] Launching Stream Deck...
[2026-04-16 13:59:51.210] Launching Launcher UI...
[2026-04-16 13:59:51.328] Readiness OK: OBS (obs64) (0.007s)
[2026-04-16 13:59:51.333] Launching scoreboard...
[2026-04-16 13:59:51.392] Readiness OK: Scoreboard (python main.py) (0.03s)
[2026-04-16 13:59:52.412] Post-launch validation...
[2026-04-16 13:59:52.471] Validation: Worker = OK
[2026-04-16 13:59:52.516] Validation: logs2dropbox = OK
[2026-04-16 13:59:52.558] Validation: Encoder = OK
[2026-04-16 13:59:52.596] Validation: Scoreboard = OK
[2026-04-16 13:59:52.665] Validation: OBS = OK
[2026-04-16 13:59:52.685] Validation: StreamDeck = OK
[2026-04-16 13:59:52.718] Validation: Cleaner Bee = OK (still running)
[2026-04-16 13:59:52.732] Post-launch validation passed; UI focus/minimize...
[2026-04-16 14:00:12.925] Scoreboard focus: AppActivate('ReplayTrove Scoreboard') failed after 40 attempts
[2026-04-16 14:00:13.207] Stream Deck minimize: ShowWindowAsync attempt 1, hwnd=66522, result=True
[2026-04-16 14:00:13.210] All apps launched and validated.
