[2026-04-15 23:25:31.702] ReplayTrove launcher starting (supervisor). Log: C:\ReplayTrove\launcher\logs\launcher-20260415-232531.log
[2026-04-15 23:25:31.758] Mode: PRODUCTION (pythonw.exe)
[2026-04-15 23:25:31.849] OBS sentinel removed: C:\Users\admin\AppData\Roaming\obs-studio\.sentinel
[2026-04-15 23:25:31.851] Launching worker...
[2026-04-15 23:25:31.907] Launching logs2dropbox...
[2026-04-15 23:25:31.922] Launching encoder operator...
[2026-04-15 23:25:31.942] Launching Cleaner Bee...
[2026-04-15 23:25:32.364] Readiness OK: Worker (python main.py) (0.385s)
[2026-04-15 23:25:32.414] Readiness OK: logs2dropbox (python main.py) (0.046s)
[2026-04-15 23:25:32.495] Readiness OK: Encoder (python operator_long_only.py) (0.077s)
[2026-04-15 23:25:32.501] Launching OBS...
[2026-04-15 23:25:32.525] Launching Stream Deck...
[2026-04-15 23:25:32.540] Launching Launcher UI...
[2026-04-15 23:25:32.581] Readiness OK: OBS (obs64) (0.006s)
[2026-04-15 23:25:32.592] Launching scoreboard...
[2026-04-15 23:25:32.673] Readiness OK: Scoreboard (python main.py) (0.029s)
[2026-04-15 23:25:33.712] Post-launch validation...
[2026-04-15 23:25:33.825] Validation: Worker = OK
[2026-04-15 23:25:33.895] Validation: logs2dropbox = OK
[2026-04-15 23:25:33.967] Validation: Encoder = OK
[2026-04-15 23:25:34.032] Validation: Scoreboard = OK
[2026-04-15 23:25:34.088] Validation: OBS = OK
[2026-04-15 23:25:34.111] Validation: StreamDeck = OK
[2026-04-15 23:25:34.143] Validation: Cleaner Bee = OK (still running)
[2026-04-15 23:25:34.158] Post-launch validation passed; UI focus/minimize...
[2026-04-15 23:25:54.511] Scoreboard focus: AppActivate('ReplayTrove Scoreboard') failed after 40 attempts
[2026-04-15 23:25:55.218] Stream Deck minimize: ShowWindowAsync attempt 1, hwnd=66556, result=True
[2026-04-15 23:25:55.222] All apps launched and validated.
