[2026-04-16 23:38:03.467] ReplayTrove launcher starting (supervisor). Log: C:\ReplayTrove\launcher\logs\launcher-20260416-233803.log
[2026-04-16 23:38:03.492] Mode: PRODUCTION (pythonw.exe)
[2026-04-16 23:38:03.531] OBS sentinel removed: C:\Users\admin\AppData\Roaming\obs-studio\.sentinel
[2026-04-16 23:38:03.534] Launching worker...
[2026-04-16 23:38:03.589] Launching logs2dropbox...
[2026-04-16 23:38:03.604] Launching encoder watchdog...
[2026-04-16 23:38:03.620] Launching Cleaner Bee...
[2026-04-16 23:38:04.048] Readiness OK: Worker (python main.py) (0.36s)
[2026-04-16 23:38:04.083] Readiness OK: logs2dropbox (python main.py) (0.031s)
[2026-04-16 23:38:04.117] Readiness OK: Encoder (python encoder_watchdog.py) (0.03s)
[2026-04-16 23:38:04.139] Launching OBS...
[2026-04-16 23:38:04.162] Launching Stream Deck...
[2026-04-16 23:38:04.191] Launching Launcher UI...
[2026-04-16 23:38:04.302] Readiness OK: OBS (obs64) (0.005s)
[2026-04-16 23:38:04.343] Launching scoreboard...
[2026-04-16 23:38:04.431] Readiness OK: Scoreboard (python main.py) (0.036s)
[2026-04-16 23:38:05.470] Post-launch validation...
[2026-04-16 23:38:05.715] Validation: Worker = OK
[2026-04-16 23:38:05.781] Validation: logs2dropbox = OK
[2026-04-16 23:38:05.831] Validation: Encoder = OK
[2026-04-16 23:38:05.892] Validation: Scoreboard = OK
[2026-04-16 23:38:05.958] Validation: OBS = OK
[2026-04-16 23:38:05.983] Validation: StreamDeck = OK
[2026-04-16 23:38:06.010] Validation: Cleaner Bee = OK (still running)
[2026-04-16 23:38:06.023] Post-launch validation passed; UI focus/minimize...
[2026-04-16 23:38:26.368] Scoreboard focus: AppActivate('ReplayTrove Scoreboard') failed after 40 attempts
[2026-04-16 23:38:26.696] Stream Deck minimize: ShowWindowAsync attempt 1, hwnd=66518, result=True
[2026-04-16 23:38:26.699] All apps launched and validated.
