[2026-04-15 14:33:41.606] ReplayTrove launcher starting (supervisor). Log: C:\ReplayTrove\launcher\logs\launcher-20260415-143341.log
[2026-04-15 14:33:41.660] Mode: PRODUCTION (pythonw.exe)
[2026-04-15 14:33:41.734] OBS sentinel removed: C:\Users\admin\AppData\Roaming\obs-studio\.sentinel
[2026-04-15 14:33:41.738] Launching worker...
[2026-04-15 14:33:41.835] Launching logs2dropbox...
[2026-04-15 14:33:41.850] Launching encoder operator...
[2026-04-15 14:33:41.864] Launching Cleaner Bee...
[2026-04-15 14:33:42.362] Readiness OK: Worker (python main.py) (0.428s)
[2026-04-15 14:33:42.440] Readiness OK: logs2dropbox (python main.py) (0.075s)
[2026-04-15 14:33:42.507] Readiness OK: Encoder (python operator_long_only.py) (0.036s)
[2026-04-15 14:33:42.510] Launching OBS...
[2026-04-15 14:33:42.533] Launching Stream Deck...
[2026-04-15 14:33:42.545] Launching Launcher UI...
[2026-04-15 14:33:42.590] Readiness OK: OBS (obs64) (0.015s)
[2026-04-15 14:33:42.604] Launching scoreboard...
[2026-04-15 14:33:42.696] Readiness OK: Scoreboard (python main.py) (0.037s)
[2026-04-15 14:33:43.713] Post-launch validation...
[2026-04-15 14:33:43.822] Validation: Worker = OK
[2026-04-15 14:33:43.895] Validation: logs2dropbox = OK
[2026-04-15 14:33:43.956] Validation: Encoder = OK
[2026-04-15 14:33:44.045] Validation: Scoreboard = OK
[2026-04-15 14:33:44.072] Validation: OBS = OK
[2026-04-15 14:33:44.093] Validation: StreamDeck = OK
[2026-04-15 14:33:44.124] Validation: Cleaner Bee = OK (still running)
[2026-04-15 14:33:44.138] Post-launch validation passed; UI focus/minimize...
[2026-04-15 14:34:04.411] Scoreboard focus: AppActivate('ReplayTrove Scoreboard') failed after 40 attempts
[2026-04-15 14:34:04.736] Stream Deck minimize: ShowWindowAsync attempt 1, hwnd=66620, result=True
[2026-04-15 14:34:04.741] All apps launched and validated.
