[2026-04-17 16:55:45.266] ReplayTrove launcher starting (supervisor). Log: C:\ReplayTrove\launcher\logs\launcher-20260417-165545.log
[2026-04-17 16:55:45.317] Mode: PRODUCTION (pythonw.exe)
[2026-04-17 16:55:45.365] OBS sentinel removed: C:\Users\admin\AppData\Roaming\obs-studio\.sentinel
[2026-04-17 16:55:45.368] Launching worker...
[2026-04-17 16:55:45.436] Launching logs2dropbox...
[2026-04-17 16:55:45.451] Launching encoder watchdog...
[2026-04-17 16:55:45.474] Launching Cleaner Bee...
[2026-04-17 16:55:45.806] Readiness OK: Worker (python main.py) (0.267s)
[2026-04-17 16:55:45.846] Readiness OK: logs2dropbox (python main.py) (0.035s)
[2026-04-17 16:55:45.882] Readiness OK: Encoder (python encoder_watchdog.py) (0.032s)
[2026-04-17 16:55:45.885] Launching OBS...
[2026-04-17 16:55:45.898] Launching Stream Deck...
[2026-04-17 16:55:45.923] Launching Launcher UI...
[2026-04-17 16:55:45.992] Readiness OK: OBS (obs64) (0.005s)
[2026-04-17 16:55:46.011] Launching scoreboard...
[2026-04-17 16:55:46.134] Readiness OK: Scoreboard (python main.py) (0.039s)
[2026-04-17 16:55:47.189] Post-launch validation...
[2026-04-17 16:55:47.271] Validation: Worker = OK
[2026-04-17 16:55:47.329] Validation: logs2dropbox = OK
[2026-04-17 16:55:47.438] Validation: Encoder = OK
[2026-04-17 16:55:47.524] Validation: Scoreboard = OK
[2026-04-17 16:55:47.583] Validation: OBS = OK
[2026-04-17 16:55:47.637] Validation: StreamDeck = OK
[2026-04-17 16:55:47.707] Validation: Cleaner Bee = OK (still running)
[2026-04-17 16:55:47.722] Post-launch validation passed; UI focus/minimize...
[2026-04-17 16:56:08.105] Scoreboard focus: AppActivate('ReplayTrove Scoreboard') failed after 40 attempts
[2026-04-17 16:56:08.545] Stream Deck minimize: ShowWindowAsync attempt 1, hwnd=131776, result=True
[2026-04-17 16:56:08.564] All apps launched and validated.
