[2026-04-15 09:47:43.772] ReplayTrove launcher starting (supervisor). Log: C:\ReplayTrove\launcher\logs\launcher-20260415-094743.log
[2026-04-15 09:47:43.825] Mode: PRODUCTION (pythonw.exe)
[2026-04-15 09:47:43.897] OBS sentinel removed: C:\Users\admin\AppData\Roaming\obs-studio\.sentinel
[2026-04-15 09:47:43.900] Launching worker...
[2026-04-15 09:47:43.983] Launching logs2dropbox...
[2026-04-15 09:47:43.998] Launching encoder operator...
[2026-04-15 09:47:44.013] Launching Cleaner Bee...
[2026-04-15 09:47:44.503] Readiness OK: Worker (python main.py) (0.431s)
[2026-04-15 09:47:44.548] Readiness OK: logs2dropbox (python main.py) (0.041s)
[2026-04-15 09:47:44.582] Readiness OK: Encoder (python operator_long_only.py) (0.031s)
[2026-04-15 09:47:44.595] Launching OBS...
[2026-04-15 09:47:44.608] Launching Stream Deck...
[2026-04-15 09:47:44.632] Launching Launcher UI...
[2026-04-15 09:47:44.662] Readiness OK: OBS (obs64) (0.011s)
[2026-04-15 09:47:44.681] Launching scoreboard...
[2026-04-15 09:47:44.745] Readiness OK: Scoreboard (python main.py) (0.03s)
[2026-04-15 09:47:45.793] Post-launch validation...
[2026-04-15 09:47:45.891] Validation: Worker = OK
[2026-04-15 09:47:45.946] Validation: logs2dropbox = OK
[2026-04-15 09:47:46.003] Validation: Encoder = OK
[2026-04-15 09:47:46.074] Validation: Scoreboard = OK
[2026-04-15 09:47:46.126] Validation: OBS = OK
[2026-04-15 09:47:46.155] Validation: StreamDeck = OK
[2026-04-15 09:47:46.184] Validation: Cleaner Bee = OK (still running)
[2026-04-15 09:47:46.197] Post-launch validation passed; UI focus/minimize...
[2026-04-15 09:48:06.390] Scoreboard focus: AppActivate('ReplayTrove Scoreboard') failed after 40 attempts
[2026-04-15 09:48:06.960] Stream Deck minimize: ShowWindowAsync attempt 1, hwnd=66526, result=True
[2026-04-15 09:48:06.965] All apps launched and validated.
